app/build/outputs/logs/manifest-merger-debug-report.txt
-- Merging decision tree log ---
manifest
ADDED from src\main\AndroidManifest.xml:2:1-66:12
	package
		ADDED from src\main\AndroidManifest.xml:3:5-32
		INJECTED from src\main\AndroidManifest.xml
		INJECTED from src\main\AndroidManifest.xml
	android:versionName
		ADDED from src\main\AndroidManifest.xml:5:5-30
		INJECTED from src\main\AndroidManifest.xml
		INJECTED from src\main\AndroidManifest.xml
	android:versionCode
		ADDED from src\main\AndroidManifest.xml:4:5-28
		INJECTED from src\main\AndroidManifest.xml
		INJECTED from src\main\AndroidManifest.xml
	xmlns:android
		ADDED from src\main\AndroidManifest.xml:2:11-69
uses-sdk
ADDED from src\main\AndroidManifest.xml:7:5-9:41
	android:targetSdkVersion
		ADDED from src\main\AndroidManifest.xml:9:9-38
		INJECTED from src\main\AndroidManifest.xml
		INJECTED from src\main\AndroidManifest.xml
	android:minSdkVersion
		ADDED from src\main\AndroidManifest.xml:8:9-35
		INJECTED from src\main\AndroidManifest.xml
		INJECTED from src\main\AndroidManifest.xml
uses-permission#android.permission.INTERNET
ADDED from src\main\AndroidManifest.xml:11:5-67
	android:name
		ADDED from src\main\AndroidManifest.xml:11:22-64
application
ADDED from src\main\AndroidManifest.xml:13:5-64:19
	android:label
		ADDED from src\main\AndroidManifest.xml:17:9-41
	android:allowBackup
		ADDED from src\main\AndroidManifest.xml:15:9-35
	android:icon
		ADDED from src\main\AndroidManifest.xml:16:9-45
	android:theme
		ADDED from src\main\AndroidManifest.xml:18:9-49
	android:name
		ADDED from src\main\AndroidManifest.xml:14:9-38
activity#com.m520it.jdmall.activity.SplashActivity
ADDED from src\main\AndroidManifest.xml:19:9-26:20
	android:theme
		ADDED from src\main\AndroidManifest.xml:21:13-53
	android:name
		ADDED from src\main\AndroidManifest.xml:20:13-69
intent-filter#android.intent.action.MAIN+android.intent.category.LAUNCHER
ADDED from src\main\AndroidManifest.xml:22:13-25:29
action#android.intent.action.MAIN
ADDED from src\main\AndroidManifest.xml:23:17-69
	android:name
		ADDED from src\main\AndroidManifest.xml:23:25-66
category#android.intent.category.LAUNCHER
ADDED from src\main\AndroidManifest.xml:24:17-77
	android:name
		ADDED from src\main\AndroidManifest.xml:24:27-74
activity#com.m520it.jdmall.activity.LoginActivity
ADDED from src\main\AndroidManifest.xml:27:9-29:56
	android:theme
		ADDED from src\main\AndroidManifest.xml:29:13-53
	android:name
		ADDED from src\main\AndroidManifest.xml:28:13-68
activity#com.m520it.jdmall.activity.RegistActivity
ADDED from src\main\AndroidManifest.xml:30:9-32:56
	android:theme
		ADDED from src\main\AndroidManifest.xml:32:13-53
	android:name
		ADDED from src\main\AndroidManifest.xml:31:13-69
activity#com.m520it.jdmall.activity.ResetActivity
ADDED from src\main\AndroidManifest.xml:33:9-77
	android:name
		ADDED from src\main\AndroidManifest.xml:33:19-74
activity#com.m520it.jdmall.activity.MainActivity
ADDED from src\main\AndroidManifest.xml:34:9-36:56
	android:theme
		ADDED from src\main\AndroidManifest.xml:36:13-53
	android:name
		ADDED from src\main\AndroidManifest.xml:35:13-67
activity#com.m520it.jdmall.activity.ProductListActivity
ADDED from src\main\AndroidManifest.xml:37:9-39:56
	android:theme
		ADDED from src\main\AndroidManifest.xml:39:13-53
	android:name
		ADDED from src\main\AndroidManifest.xml:38:13-74
activity#com.m520it.jdmall.activity.ProductDetailsActivity
ADDED from src\main\AndroidManifest.xml:40:9-42:56
	android:theme
		ADDED from src\main\AndroidManifest.xml:42:13-53
	android:name
		ADDED from src\main\AndroidManifest.xml:41:13-77
activity#com.m520it.jdmall.activity.ChooseAddressActivity
ADDED from src\main\AndroidManifest.xml:43:9-45:56
	android:theme
		ADDED from src\main\AndroidManifest.xml:45:13-53
	android:name
		ADDED from src\main\AndroidManifest.xml:44:13-76
activity#com.m520it.jdmall.activity.AddAddressActivity
ADDED from src\main\AndroidManifest.xml:46:9-48:56
	android:theme
		ADDED from src\main\AndroidManifest.xml:48:13-53
	android:name
		ADDED from src\main\AndroidManifest.xml:47:13-73
activity#com.m520it.jdmall.activity.SettleActivity
ADDED from src\main\AndroidManifest.xml:49:9-51:56
	android:theme
		ADDED from src\main\AndroidManifest.xml:51:13-53
	android:name
		ADDED from src\main\AndroidManifest.xml:50:13-69
activity#com.m520it.jdmall.activity.ProductSearchActivity
ADDED from src\main\AndroidManifest.xml:52:9-54:56
	android:theme
		ADDED from src\main\AndroidManifest.xml:54:13-53
	android:name
		ADDED from src\main\AndroidManifest.xml:53:13-76
activity#com.m520it.jdmall.activity.OrderListActivity
ADDED from src\main\AndroidManifest.xml:55:9-57:56
	android:theme
		ADDED from src\main\AndroidManifest.xml:57:13-53
	android:name
		ADDED from src\main\AndroidManifest.xml:56:13-72
activity#com.m520it.jdmall.activity.OrderDetailsActivity
ADDED from src\main\AndroidManifest.xml:58:9-60:56
	android:theme
		ADDED from src\main\AndroidManifest.xml:60:13-53
	android:name
		ADDED from src\main\AndroidManifest.xml:59:13-75
activity#com.m520it.jdmall.activity.AlipayActivity
ADDED from src\main\AndroidManifest.xml:61:9-63:56
	android:theme
		ADDED from src\main\AndroidManifest.xml:63:13-53
	android:name
		ADDED from src\main\AndroidManifest.xml:62:13-69